C51 COMPILER V9.60.7.0   KEY                                                               05/27/2024 11:51:53 PAGE 1   


C51 COMPILER V9.60.7.0, COMPILATION OF MODULE KEY
OBJECT MODULE PLACED IN .\Objects\Key.obj
COMPILER INVOKED BY: C:\Keil_v5\C51\BIN\C51.EXE Key.c OPTIMIZE(8,SPEED) BROWSE DEBUG OBJECTEXTEND PRINT(.\Listings\Key.l
                    -st) OBJECT(.\Objects\Key.obj)

line level    source

   1          #include <REGX52.H>
   2          #include "Delay.h"
   3          
   4          
   5          unsigned char Key_KeyNumber;
   6          
   7          unsigned char Key()
   8          {
   9   1              unsigned char Temp = 0;
  10   1              Temp = Key_KeyNumber;
  11   1              Key_KeyNumber = 0;
  12   1              return Temp;
  13   1              //return Key_KeyNumber;
  14   1      }
  15          
  16          unsigned char Key_GetState()
  17          {
  18   1              unsigned char KeyNum = 0;
  19   1              
  20   1              if(P3_1 == 0){KeyNum = 1;}
  21   1              if(P3_0 == 0){KeyNum = 2;}
  22   1              if(P3_2 == 0){KeyNum = 3;}
  23   1              if(P3_3 == 0){KeyNum = 4;}
  24   1              
  25   1              return KeyNum;
  26   1      }
  27          
  28          void KeyLoop()
  29          {
  30   1              static unsigned char NowState, LastState;
  31   1              LastState = NowState;
  32   1              NowState = Key_GetState();
  33   1              if(LastState == 1 && NowState == 0)
  34   1              {
  35   2                      Key_KeyNumber = 1;
  36   2              }
  37   1              if(LastState == 2 && NowState == 0)
  38   1              {
  39   2                      Key_KeyNumber = 2;
  40   2              }
  41   1              if(LastState == 3 && NowState == 0)
  42   1              {
  43   2                      Key_KeyNumber = 3;
  44   2              }
  45   1              if(LastState == 4 && NowState == 0)
  46   1              {
  47   2                      Key_KeyNumber = 4;
  48   2              }
  49   1      }


MODULE INFORMATION:   STATIC OVERLAYABLE
   CODE SIZE        =     85    ----
   CONSTANT SIZE    =   ----    ----
C51 COMPILER V9.60.7.0   KEY                                                               05/27/2024 11:51:53 PAGE 2   

   XDATA SIZE       =   ----    ----
   PDATA SIZE       =   ----    ----
   DATA SIZE        =      3    ----
   IDATA SIZE       =   ----    ----
   BIT SIZE         =   ----    ----
END OF MODULE INFORMATION.


C51 COMPILATION COMPLETE.  0 WARNING(S),  0 ERROR(S)
