C51 COMPILER V9.60.7.0   MAIN                                                              04/17/2024 16:00:22 PAGE 1   


C51 COMPILER V9.60.7.0, COMPILATION OF MODULE MAIN
OBJECT MODULE PLACED IN .\Objects\main.obj
COMPILER INVOKED BY: C:\Keil_v5\C51\BIN\C51.EXE main.c OPTIMIZE(8,SPEED) BROWSE DEBUG OBJECTEXTEND PRINT(.\Listings\main
                    -.lst) OBJECT(.\Objects\main.obj)

line level    source

   1          #include <REGX52.H>
   2          
   3          void Delay(unsigned int xms)            //@12.000MHz
   4          {
   5   1              unsigned char i, j;
   6   1              
   7   1              while(xms--)
   8   1              {
   9   2                      i = 2;
  10   2                      j = 239;
  11   2                      do
  12   2                      {
  13   3                              while (--j);
  14   3                      } while (--i);
  15   2              }
  16   1              
  17   1      }
  18          
  19          void main()
  20          {
  21   1              P2 = 0xFE;
  22   1              unsigned char ledRegister = 1;
*** ERROR C141 IN LINE 22 OF main.c: syntax error near 'unsigned', expected '__asm'
*** ERROR C202 IN LINE 22 OF main.c: 'ledRegister': undefined identifier
  23   1              
  24   1              
  25   1              while(1)
  26   1              {
  27   2                      
  28   2                      // k1 
  29   2                      if(P3_1 == 0)
  30   2                      {
  31   3                              Delay(20);
  32   3                              while(P3_1 == 0);
  33   3                              Delay(20);
  34   3                              
  35   3                              if(ledRegister == 1) 
*** ERROR C202 IN LINE 35 OF main.c: 'ledRegister': undefined identifier
  36   3                                      ledRegister = 0x80;
*** ERROR C202 IN LINE 36 OF main.c: 'ledRegister': undefined identifier
  37   3                              else 
  38   3                                      ledRegister = ledRegister >> 1;
*** ERROR C202 IN LINE 38 OF main.c: 'ledRegister': undefined identifier
  39   3                              P2 = ~ledRegister;
*** ERROR C202 IN LINE 39 OF main.c: 'ledRegister': undefined identifier
  40   3                              
  41   3                      }
  42   2                      
  43   2                      // k2
  44   2                      if(P3_0 == 0)
  45   2                      {
  46   3                              Delay(20);
  47   3                              while(P3_0 == 0);
  48   3                              Delay(20);
C51 COMPILER V9.60.7.0   MAIN                                                              04/17/2024 16:00:22 PAGE 2   

  49   3                              
  50   3                              if(ledRegister == 0x80)
*** ERROR C202 IN LINE 50 OF main.c: 'ledRegister': undefined identifier
  51   3                                      ledRegister = 1;
*** ERROR C202 IN LINE 51 OF main.c: 'ledRegister': undefined identifier
  52   3                              else
  53   3                                      ledRegister = ledRegister << 1;
*** ERROR C202 IN LINE 53 OF main.c: 'ledRegister': undefined identifier
  54   3                              P2 = ~ledRegister;
*** ERROR C202 IN LINE 54 OF main.c: 'ledRegister': undefined identifier
  55   3                              
  56   3                      }
  57   2                      
  58   2              }
  59   1      
  60   1      }

C51 COMPILATION COMPLETE.  0 WARNING(S),  10 ERROR(S)
