C51 COMPILER V9.60.7.0   MAIN                                                              04/20/2024 15:20:07 PAGE 1   


C51 COMPILER V9.60.7.0, COMPILATION OF MODULE MAIN
OBJECT MODULE PLACED IN .\Objects\main.obj
COMPILER INVOKED BY: C:\Keil_v5\C51\BIN\C51.EXE main.c OPTIMIZE(8,SPEED) BROWSE DEBUG OBJECTEXTEND PRINT(.\Listings\main
                    -.lst) OBJECT(.\Objects\main.obj)

line level    source

   1          #include <REGX52.H>
   2          #include "Delay.h"
   3          #include "LCD1602.h"
   4          
   5          unsigned char KeyNum;
   6          
   7          void main()
   8          {
   9   1              
  10   1              
  11   1              LCD_Init();
  12   1              LCD_ShowString(1,1,"MetrixKey:");
  13   1              
  14   1              
  15   1              while(1)
  16   1              {
  17   2                      KeyNum = MatrixKey();
*** WARNING C206 IN LINE 17 OF main.c: 'MatrixKey': missing function-prototype
  18   2                      if(KeyNum) LCD_ShowNum(2,1,KeyNum,2);
  19   2                      
  20   2              }
  21   1      
  22   1      }


MODULE INFORMATION:   STATIC OVERLAYABLE
   CODE SIZE        =     40    ----
   CONSTANT SIZE    =     11    ----
   XDATA SIZE       =   ----    ----
   PDATA SIZE       =   ----    ----
   DATA SIZE        =      1    ----
   IDATA SIZE       =   ----    ----
   BIT SIZE         =   ----    ----
END OF MODULE INFORMATION.


C51 COMPILATION COMPLETE.  1 WARNING(S),  0 ERROR(S)
