C51 COMPILER V9.60.7.0   MATRIXKEY                                                         04/20/2024 15:18:18 PAGE 1   


C51 COMPILER V9.60.7.0, COMPILATION OF MODULE MATRIXKEY
OBJECT MODULE PLACED IN .\Objects\MatrixKey.obj
COMPILER INVOKED BY: C:\Keil_v5\C51\BIN\C51.EXE MatrixKey.c OPTIMIZE(8,SPEED) BROWSE DEBUG OBJECTEXTEND PRINT(.\Listings
                    -\MatrixKey.lst) OBJECT(.\Objects\MatrixKey.obj)

line level    source

   1          #include <REGX52.H>
   2          #include "Delay.h"
   3          
   4          unsigned char MatrixKey()
   5          {
   6   1              unsigned char MatrixNum = 0;
   7   1              
   8   1              // 选中第一列
   9   1              P1 = 0xFF;
  10   1              P1_3 = 0;
  11   1              if(P1_7 == 0) {Delay(20); while(P1_7 == 0); Delay(20); MatrixNum = 1;}
  12   1              if(P1_6 == 0) {Delay(20); while(P1_6 == 0); Delay(20); MatrixNum = 5;}
  13   1              if(P1_5 == 0) {Delay(20); while(P1_5 == 0); Delay(20); MatrixNum = 9;}
  14   1              if(P1_4 == 0) {Delay(20); while(P1_4 == 0); Delay(20); MatrixNum = 13;}
  15   1              
  16   1              // 选中第二列
  17   1              P1 = 0xFF;
  18   1              P1_2 = 0;
  19   1              if(P1_7 == 0) {Delay(20); while(P1_7 == 0); Delay(20); MatrixNum = 2;}
  20   1              if(P1_6 == 0) {Delay(20); while(P1_6 == 0); Delay(20); MatrixNum = 6;}
  21   1              if(P1_5 == 0) {Delay(20); while(P1_5 == 0); Delay(20); MatrixNum = 10;}
  22   1              if(P1_4 == 0) {Delay(20); while(P1_4 == 0); Delay(20); MatrixNum = 14;}
  23   1              
  24   1              // 选中第三列
  25   1              P1 = 0xFF;
  26   1              P1_1 = 0;
  27   1              if(P1_7 == 0) {Delay(20); while(P1_7 == 0); Delay(20); MatrixNum = 3;}
  28   1              if(P1_6 == 0) {Delay(20); while(P1_6 == 0); Delay(20); MatrixNum = 7;}
  29   1              if(P1_5 == 0) {Delay(20); while(P1_5 == 0); Delay(20); MatrixNum = 11;}
  30   1              if(P1_4 == 0) {Delay(20); while(P1_4 == 0); Delay(20); MatrixNum = 15;}
  31   1              
  32   1              // 选中第四列
  33   1              P1 = 0xFF;
  34   1              P1_0 = 0;
  35   1              if(P1_7 == 0) {Delay(20); while(P1_7 == 0); Delay(20); MatrixNum = 4;}
  36   1              if(P1_6 == 0) {Delay(20); while(P1_6 == 0); Delay(20); MatrixNum = 8;}
  37   1              if(P1_5 == 0) {Delay(20); while(P1_5 == 0); Delay(20); MatrixNum = 12;}
  38   1              if(P1_4 == 0) {Delay(20); while(P1_4 == 0); Delay(20); MatrixNum = 16;}
  39   1              
  40   1              return MatrixNum;
  41   1      }


MODULE INFORMATION:   STATIC OVERLAYABLE
   CODE SIZE        =    330    ----
   CONSTANT SIZE    =   ----    ----
   XDATA SIZE       =   ----    ----
   PDATA SIZE       =   ----    ----
   DATA SIZE        =   ----       1
   IDATA SIZE       =   ----    ----
   BIT SIZE         =   ----    ----
END OF MODULE INFORMATION.


C51 COMPILATION COMPLETE.  0 WARNING(S),  0 ERROR(S)
