C51 COMPILER V9.60.7.0   UART                                                              04/27/2024 00:37:36 PAGE 1   


C51 COMPILER V9.60.7.0, COMPILATION OF MODULE UART
OBJECT MODULE PLACED IN .\Objects\UART.obj
COMPILER INVOKED BY: C:\Keil_v5\C51\BIN\C51.EXE UART.c OPTIMIZE(8,SPEED) BROWSE DEBUG OBJECTEXTEND PRINT(.\Listings\UART
                    -.lst) OBJECT(.\Objects\UART.obj)

line level    source

   1          #include <REGX52.H>
   2          
   3          /**
   4                  * @brief        串口初始化，4800bps, 11.0592MHz
   5                  * @param        无
   6                  * @retval       无
   7          */
   8          void UART_Init()        //4800bps@11.0592MHz
   9          {
  10   1              SCON = 0x40;
  11   1              PCON &= 0x7F;
  12   1              // 8位自动重装载定时器
  13   1              TMOD &= 0x0F;           //设置定时器模式
  14   1              TMOD |= 0x20;           //设置定时器模式
  15   1              TL1 = 0xFA;             //设定定时初值
  16   1              TH1 = 0xFA;             //设定定时器重装值
  17   1              ET1 = 0;                //禁止定时器1中断
  18   1              TR1 = 1;                //启动定时器1
  19   1      
  20   1      }
  21          
  22          /**
  23                  * @brief        串口发送一个字节数据
  24                  * @param        无
  25                  * @retval       无
  26          */
  27          void UART_SendByte(unsigned char Byte)
  28          {
  29   1              SBUF = Byte;
  30   1              while(TI == 0);
  31   1              TI = 0; 
  32   1      }


MODULE INFORMATION:   STATIC OVERLAYABLE
   CODE SIZE        =     31    ----
   CONSTANT SIZE    =   ----    ----
   XDATA SIZE       =   ----    ----
   PDATA SIZE       =   ----    ----
   DATA SIZE        =   ----    ----
   IDATA SIZE       =   ----    ----
   BIT SIZE         =   ----    ----
END OF MODULE INFORMATION.


C51 COMPILATION COMPLETE.  0 WARNING(S),  0 ERROR(S)
