C51 COMPILER V9.60.7.0   KEY                                                               05/30/2024 09:33:45 PAGE 1   


C51 COMPILER V9.60.7.0, COMPILATION OF MODULE KEY
OBJECT MODULE PLACED IN .\Objects\Key.obj
COMPILER INVOKED BY: C:\Keil_v5\C51\BIN\C51.EXE Key.c OPTIMIZE(8,SPEED) BROWSE DEBUG OBJECTEXTEND PRINT(.\Listings\Key.l
                    -st) OBJECT(.\Objects\Key.obj)

line level    source

   1          #include <REGX52.H>
   2          #include "Delay.h"
   3          
   4          unsigned char Key_KeyNumber;
   5          
   6          /**
   7                  * @brief        è·å–æŒ‰é”®é”®ç å€¼
   8                  * @param        æ— 
   9                  * @retval       æŒ‰ä¸‹é”®ç å€¼ï¼ŒèŒƒå›´ï¼š1-4ï¼Œé»˜è®¤0ï¼Œ0è¡¨ç¤ºæ— æŒ‰é”®æŒ‰ä¸‹
  10          */
  11          unsigned char Key()
  12          {
  13   1              unsigned char Temp = 0;
  14   1              Temp = Key_KeyNumber;
  15   1              Key_KeyNumber = 0;
  16   1              return Temp;
  17   1      }
  18          
  19          /**
  20                  * @brief        è·å–å½“å‰æŒ‰é”®çš„çŠ¶æ€ï¼Œæ— æ¶ˆæŠ–åŠæ¾æ‰‹æ£€æµ‹
  21                  * @param        æ— 
  22                  * @retval       æŒ‰ä¸‹æŒ‰é”®çš„é”®ç ï¼ŒèŒƒå›´ï¼š0,1~4,0è¡¨ç¤ºæ— æŒ‰é”®æŒ‰ä¸‹
  23          */
  24          unsigned char Key_GetState()
  25          {
  26   1              unsigned char KeyNum = 0;
  27   1              if(P3_1 == 0){KeyNum = 1;}
  28   1              if(P3_0 == 0){KeyNum = 2;}
  29   1              if(P3_2 == 0){KeyNum = 3;}
  30   1              if(P3_3 == 0){KeyNum = 4;}
  31   1              return KeyNum;
  32   1      }
  33          
  34          /**
  35                  * @brief        æŒ‰é”®é©±åŠ¨å‡½æ•°ï¼Œåœ¨ä¸­æ–­å‡½æ•°ä¸­è°ƒç”¨
  36                  * @param        æ— 
  37                  * @retval       æ— 
  38          */
  39          void KeyLoop()
  40          {
  41   1              static unsigned char NowState, LastState;
  42   1              LastState = NowState;           // æŒ‰é”®çŠ¶æ€æ›´æ–°
  43   1              NowState = Key_GetState();      // è·å–å½“å‰æŒ‰é”®çŠ¶æ€
  44   1              //å¦‚æœä¸Šä¸ªæ—¶é—´ç‚¹æŒ‰é”®æŒ‰ä¸‹ï¼Œè¿™ä¸ªæ—¶é—´ç‚¹æœªæŒ‰ä¸‹ï¼Œåˆ™æ˜¯æ¾æ‰‹ç¬é—´ï¼Œä»¥æ­¤é¿å…æ¶ˆæŠ–å
             -’Œæ¾æ‰‹æ£€æµ‹
  45   1              if(LastState == 1 && NowState == 0)
  46   1              {
  47   2                      Key_KeyNumber = 1;
  48   2              }
  49   1              if(LastState == 2 && NowState == 0)
  50   1              {
  51   2                      Key_KeyNumber = 2;
  52   2              }
  53   1              if(LastState == 3 && NowState == 0)
C51 COMPILER V9.60.7.0   KEY                                                               05/30/2024 09:33:45 PAGE 2   

  54   1              {
  55   2                      Key_KeyNumber = 3;
  56   2              }
  57   1              if(LastState == 4 && NowState == 0)
  58   1              {
  59   2                      Key_KeyNumber = 4;
  60   2              }
  61   1      }


MODULE INFORMATION:   STATIC OVERLAYABLE
   CODE SIZE        =     85    ----
   CONSTANT SIZE    =   ----    ----
   XDATA SIZE       =   ----    ----
   PDATA SIZE       =   ----    ----
   DATA SIZE        =      3    ----
   IDATA SIZE       =   ----    ----
   BIT SIZE         =   ----    ----
END OF MODULE INFORMATION.


C51 COMPILATION COMPLETE.  0 WARNING(S),  0 ERROR(S)
