C51 COMPILER V9.60.7.0   MAIN                                                              05/30/2024 11:57:46 PAGE 1   


C51 COMPILER V9.60.7.0, COMPILATION OF MODULE MAIN
OBJECT MODULE PLACED IN .\Objects\main.obj
COMPILER INVOKED BY: C:\Keil_v5\C51\BIN\C51.EXE main.c OPTIMIZE(8,SPEED) BROWSE DEBUG OBJECTEXTEND PRINT(.\Listings\main
                    -.lst) OBJECT(.\Objects\main.obj)

line level    source

   1          #include <REGX52.H>
   2          #include "LCD1602.h"
   3          #include "DS18B20.h"
   4          #include "Delay.h"
   5          #include "AT24C02.h"
   6          #include "Key.h"
   7          #include "Timer0.h"
   8          #include "Buzzer.h"
   9          
  10          float T,TShow;
  11          char THigh, TLow;
  12          unsigned char KeyNum;
  13          
  14          void main()
  15          {
  16   1              DS18B20_ConvertT();             //上电先转换一次温度，防止第一次读数据错误
  17   1              Delay(1000);                    //等待转换完成
  18   1              THigh = AT24C02_ReadByte(0);
  19   1              TLow = AT24C02_ReadByte(1);
  20   1              if(THigh > 125 || TLow < -55 || THigh <= TLow)
  21   1              {
  22   2                      //如果阈值非法，则设为默认值
  23   2                      THigh = 35;
  24   2                      TLow = 25;
  25   2              }
  26   1              LCD_Init();
  27   1              LCD_ShowString(1,1,"T:");
  28   1              LCD_ShowString(2,1,"TH:");
  29   1              LCD_ShowString(2,9,"TL:");
  30   1              LCD_ShowSignedNum(2,4,THigh,3);
  31   1              LCD_ShowSignedNum(2,12,TLow,3);
  32   1              Timer0_Init();
  33   1              while(1)
  34   1              {
  35   2                      KeyNum = Key();
  36   2                      /*温度读取及显示*/
  37   2                      DS18B20_ConvertT();
  38   2                      T = DS18B20_ReadT();
  39   2                      if(T < 0)
  40   2                      {
  41   3                              LCD_ShowChar(1,3,'-');
  42   3                              TShow = -T;
  43   3                      }
  44   2                      else
  45   2                      {
  46   3                              LCD_ShowChar(1,3,'+');
  47   3                              TShow = T;
  48   3                      }
  49   2                      LCD_ShowNum(1,4,TShow,3);
  50   2                      LCD_ShowChar(1,7,'.');
  51   2                      LCD_ShowNum(1,8,(unsigned long)(TShow * 100) % 100,2);  
  52   2                      /*温度阈值判断及显示*/
  53   2                      if(KeyNum)
  54   2                      {
C51 COMPILER V9.60.7.0   MAIN                                                              05/30/2024 11:57:46 PAGE 2   

  55   3                              if(KeyNum == 1)
  56   3                              {
  57   4                                      THigh++;
  58   4                                      if(THigh > 125)
  59   4                                      {
  60   5                                              THigh = 125;
  61   5                                      }
  62   4                              }
  63   3                              if(KeyNum == 2)
  64   3                              {
  65   4                                      THigh--;
  66   4                                      if(THigh <= TLow)
  67   4                                      {
  68   5                                              THigh++;
  69   5                                      }
  70   4                              }
  71   3                              if(KeyNum == 3)
  72   3                              {
  73   4                                      TLow++;
  74   4                                      if(TLow >= THigh)
  75   4                                      {
  76   5                                              TLow--;
  77   5                                      }
  78   4                              }
  79   3                              if(KeyNum == 4)
  80   3                              {
  81   4                                      TLow--;
  82   4                                      if(TLow < -55)
  83   4                                      {
  84   5                                              TLow = -55;
  85   5                                      }
  86   4                              }
  87   3                              LCD_ShowSignedNum(2,4,THigh,3);
  88   3                              LCD_ShowSignedNum(2,12,TLow,3);
  89   3                              AT24C02_WriteByte(0,THigh);             //写入到At24C02中保存
  90   3                              Delay(5);
  91   3                              AT24C02_WriteByte(1,TLow);
  92   3                              Delay(5);
  93   3                      }
  94   2                      if(T > THigh) // 越界判断
  95   2                      {
  96   3                              LCD_ShowString(1,13,"OV:H");
  97   3                              Buzzer_Time(100);                               // 蜂鸣器报警
  98   3                      }
  99   2                      else if(T < TLow)
 100   2                      {
 101   3                              LCD_ShowString(1,13,"OV:L");
 102   3                              Buzzer_Time(100);
 103   3                      }
 104   2                      else
 105   2                      {
 106   3                              LCD_ShowString(1,13,"    ");
 107   3                      }
 108   2              }
 109   1      }
 110          
 111          void Timer0_Routine() interrupt 1
 112          {
 113   1              static unsigned int T0Count1,T0Count2;
 114   1              TL0 = 0x66;             //设置定时初值
 115   1              TH0 = 0xFC;             //设置定时初值
 116   1              T0Count1++;
C51 COMPILER V9.60.7.0   MAIN                                                              05/30/2024 11:57:46 PAGE 3   

 117   1              if(T0Count1 >= 20)
 118   1              {
 119   2                      T0Count1 = 0;
 120   2                      KeyLoop();      //每20ms调用一次按键驱动函数
 121   2              }
 122   1      }
*** WARNING C280 IN LINE 113 OF main.c: 'T0Count2': unreferenced local variable


MODULE INFORMATION:   STATIC OVERLAYABLE
   CODE SIZE        =    630    ----
   CONSTANT SIZE    =     26    ----
   XDATA SIZE       =   ----    ----
   PDATA SIZE       =   ----    ----
   DATA SIZE        =     15    ----
   IDATA SIZE       =   ----    ----
   BIT SIZE         =   ----    ----
END OF MODULE INFORMATION.


C51 COMPILATION COMPLETE.  1 WARNING(S),  0 ERROR(S)
