C51 COMPILER V9.60.7.0   NIXIETUBE                                                         05/18/2024 10:33:34 PAGE 1   


C51 COMPILER V9.60.7.0, COMPILATION OF MODULE NIXIETUBE
OBJECT MODULE PLACED IN .\Objects\NixieTube.obj
COMPILER INVOKED BY: C:\Keil_v5\C51\BIN\C51.EXE NixieTube.c OPTIMIZE(8,SPEED) BROWSE DEBUG OBJECTEXTEND PRINT(.\Listings
                    -\NixieTube.lst) OBJECT(.\Objects\NixieTube.obj)

line level    source

   1          #include <REGX52.H>
   2          #include "Delay.h"
   3          
   4          // 数码管显示数字数组【0-9】
   5          unsigned char NixieTable[] = {0x3F, 0x06, 0x5B, 0x4F, 0x66, 0x6D, 0x7D, 0x07,0x7F, 0x6F};
   6          
   7          /**
   8                  * @brief        数码管显示数字
   9                  * @param        location：数码管显示数字的位置
  10                  * @param        num：数码管显示的数字
  11                  * @retval       无
  12          */
  13          void NixieTube(unsigned char location, unsigned char num)
  14          {
  15   1              switch(location)
  16   1              {
  17   2                      case 1: P2_4 = 1; P2_3 = 1; P2_2 = 1; break;
  18   2                      case 2: P2_4 = 1; P2_3 = 1; P2_2 = 0; break;
  19   2                      case 3: P2_4 = 1; P2_3 = 0; P2_2 = 1; break;
  20   2                      case 4: P2_4 = 1; P2_3 = 0; P2_2 = 0; break;
  21   2                      case 5: P2_4 = 0; P2_3 = 1; P2_2 = 1; break;
  22   2                      case 6: P2_4 = 0; P2_3 = 1; P2_2 = 0; break;
  23   2                      case 7: P2_4 = 0; P2_3 = 0; P2_2 = 1; break;
  24   2                      case 8: P2_4 = 0; P2_3 = 0; P2_2 = 0; break;
  25   2              }
  26   1              P0 = NixieTable[num];
  27   1              //Delay(1); // 为了稳定显示上一数字
  28   1              //P0 = 0x00; // 消影  
  29   1      }


MODULE INFORMATION:   STATIC OVERLAYABLE
   CODE SIZE        =     99    ----
   CONSTANT SIZE    =   ----    ----
   XDATA SIZE       =   ----    ----
   PDATA SIZE       =   ----    ----
   DATA SIZE        =     10    ----
   IDATA SIZE       =   ----    ----
   BIT SIZE         =   ----    ----
END OF MODULE INFORMATION.


C51 COMPILATION COMPLETE.  0 WARNING(S),  0 ERROR(S)
