C51 COMPILER V9.60.7.0   MAIN                                                              04/24/2024 15:34:13 PAGE 1   


C51 COMPILER V9.60.7.0, COMPILATION OF MODULE MAIN
OBJECT MODULE PLACED IN .\Objects\main.obj
COMPILER INVOKED BY: C:\Keil_v5\C51\BIN\C51.EXE main.c OPTIMIZE(8,SPEED) BROWSE DEBUG OBJECTEXTEND PRINT(.\Listings\main
                    -.lst) OBJECT(.\Objects\main.obj)

line level    source

   1          #include <REGX52.H>
   2          #include <INTRINS.H>
   3          #include "Timer.h"
*** WARNING C318 IN LINE 3 OF main.c: can't open file 'Timer.h'
   4          #include "Key.h"
   5          
   6          
   7          // 自己配置
   8          //void Timer0_Init()
   9          //{
  10          //      //TMOD = 0x01; // 模式寄存器
  11          //      TMOD &= 0xF0; // 把TMOD的低四位清零，高四位保持不变
  12          //      TMOD |= 0x01; // 把TMOD的最低位置1，高四位保持不变
  13          //      // 控制寄存器
  14          //      TF0 = 0;
  15          //      TR0 = 1;
  16          //      TH0 = 64535 / 256;
  17          //      TL0 = 64535 % 256;
  18          //      // 中断系统
  19          //      ET0 = 1;
  20          //      EA = 1;
  21          //      PT0 = 0;
  22          //}
  23          
  24          unsigned char KeyNum, LEDMode;
  25          void main()
  26          {
  27   1              P2 = 0xFE;
  28   1              //Timer0_Init();
  29   1              Timer0Init();
*** WARNING C206 IN LINE 29 OF main.c: 'Timer0Init': missing function-prototype
  30   1              while(1)
  31   1              {
  32   2                      KeyNum = Key();
  33   2                      if(KeyNum)
  34   2                      {
  35   3                              if(KeyNum == 1)
  36   3                              {
  37   4                                      LEDMode++;
  38   4                                      if(LEDMode >= 2) LEDMode = 0;
  39   4                                      
  40   4                              }
  41   3                              
  42   3                      }
  43   2              }
  44   1      }
  45          
  46          
  47          void Timer0_Routine() interrupt 1
  48          {
  49   1              static unsigned int T0Count;
  50   1              TL0 = 0x66;             //设置定时初值
  51   1              TH0 = 0xFC;             //设置定时初值
  52   1              T0Count++;
C51 COMPILER V9.60.7.0   MAIN                                                              04/24/2024 15:34:13 PAGE 2   

  53   1              if(T0Count >= 500)
  54   1              {
  55   2                      T0Count = 0;
  56   2                      if(LEDMode == 0) P2 = _crol_(P2,1);
  57   2                      if(LEDMode == 1) P2 = _cror_(P2,1);
  58   2              }
  59   1              
  60   1      }


MODULE INFORMATION:   STATIC OVERLAYABLE
   CODE SIZE        =    116    ----
   CONSTANT SIZE    =   ----    ----
   XDATA SIZE       =   ----    ----
   PDATA SIZE       =   ----    ----
   DATA SIZE        =      4    ----
   IDATA SIZE       =   ----    ----
   BIT SIZE         =   ----    ----
END OF MODULE INFORMATION.


C51 COMPILATION COMPLETE.  2 WARNING(S),  0 ERROR(S)
