C51 COMPILER V9.60.7.0   DS302                                                             05/13/2024 10:31:31 PAGE 1   


C51 COMPILER V9.60.7.0, COMPILATION OF MODULE DS302
OBJECT MODULE PLACED IN .\Objects\DS302.obj
COMPILER INVOKED BY: C:\Keil_v5\C51\BIN\C51.EXE DS302.c OPTIMIZE(8,SPEED) BROWSE DEBUG OBJECTEXTEND PRINT(.\Listings\DS3
                    -02.lst) OBJECT(.\Objects\DS302.obj)

line level    source

   1          #include <REGX52.H>
   2          
   3          sbit DS1302_SCLK = P3^6;
   4          sbit DS1302_IO = P3^4;
   5          sbit DS1302_CE = P3^5;
   6          
   7          void DS1302_Init()
   8          {
   9   1              DS1302_SCLK = 0;
  10   1              DS1302_IO = 0;
  11   1      }
  12          
  13          void DS1302_WriteByte(unsigned char Command, Data)
  14          {
  15   1              unsigned char i;
  16   1              DS1302_CE = 1;
  17   1                
  18   1              for(i = 0;i < 8;i++)
  19   1              {
  20   2                      DS1302_IO = Command & (0x01 << i);
  21   2                      DS1302_SCLK = 1;
  22   2                      DS1302_SCLK = 0;
  23   2              }
  24   1              
  25   1              for(i = 0;i < 8;i++)
  26   1              {
  27   2                      DS1302_IO = Data & (0x01 << i);
  28   2                      DS1302_SCLK = 1;
  29   2                      DS1302_SCLK = 0;
  30   2              }
  31   1              
  32   1              DS1302_CE = 0;
  33   1      }
  34          
  35          unsigned char DS1302_ReadByte(unsigned char Command)
  36          {
  37   1              unsigned char i=0, Data = 0x00;
  38   1              DS1302_CE = 1;
  39   1              for(i = 0;i < 8;i++)
  40   1              {
  41   2                      DS1302_IO = Command & (0x01 << i);
  42   2                      DS1302_SCLK = 0;
  43   2                      DS1302_SCLK = 1;
  44   2              }
  45   1              
  46   1              for(i = 0;i < 8;i++)
  47   1              {
  48   2                      DS1302_SCLK  = 1;
  49   2                      DS1302_SCLK = 0;
  50   2                      // 读：IO口读取Data字节数据，一位一位读，若此时为1，则将对应位的Data的值置
             -1
  51   2                      if(DS1302_IO){Data |= (0x01 << i);}
  52   2                      
  53   2              }
C51 COMPILER V9.60.7.0   DS302                                                             05/13/2024 10:31:31 PAGE 2   

  54   1              
  55   1              DS1302_CE = 0;
  56   1              DS1302_IO = 0;
  57   1              
  58   1              return Data;
  59   1      }


MODULE INFORMATION:   STATIC OVERLAYABLE
   CODE SIZE        =    167    ----
   CONSTANT SIZE    =   ----    ----
   XDATA SIZE       =   ----    ----
   PDATA SIZE       =   ----    ----
   DATA SIZE        =   ----       2
   IDATA SIZE       =   ----    ----
   BIT SIZE         =   ----    ----
END OF MODULE INFORMATION.


C51 COMPILATION COMPLETE.  0 WARNING(S),  0 ERROR(S)
