C51 COMPILER V9.60.7.0   I2C                                                               05/23/2024 14:32:00 PAGE 1   


C51 COMPILER V9.60.7.0, COMPILATION OF MODULE I2C
OBJECT MODULE PLACED IN .\Objects\I2C.obj
COMPILER INVOKED BY: C:\Keil_v5\C51\BIN\C51.EXE I2C.c OPTIMIZE(8,SPEED) BROWSE DEBUG OBJECTEXTEND PRINT(.\Listings\I2C.l
                    -st) OBJECT(.\Objects\I2C.obj)

line level    source

   1          #include <REGX52.H>
   2          
   3          // 引脚定义
   4          sbit I2C_SCL = P2^1;
   5          sbit I2C_SDA = P2^0;
   6          
   7          /**
   8                  * @brief        I2C开始
   9                  * @param        无
  10                  * @retval       无
  11          */
  12          void I2C_Start()
  13          {
  14   1              I2C_SDA = 1;
  15   1              I2C_SCL = 1;
  16   1              I2C_SDA = 0;
  17   1              I2C_SCL = 0;
  18   1      } 
  19          
  20          /**
  21                  * @brief        I2C停止
  22                  * @param        无
  23                  * @retval       无
  24          */
  25          void I2C_Stop()
  26          {
  27   1              I2C_SDA = 0;
  28   1              I2C_SCL = 1;
  29   1              I2C_SDA = 1;
  30   1      } 
  31          
  32          /**
  33                  * @brief        I2C发送一个字节
  34                  * @param        Byte：要发送的字节
  35                  * @retval       无
  36          */
  37          void I2C_SendByte(unsigned char Byte)
  38          {
  39   1              unsigned char i;
  40   1              for(i= 0;i<8;i++)
  41   1              {
  42   2                      // 高位在前
  43   2                      I2C_SDA = Byte & (0x80 >> i);
  44   2                      I2C_SCL = 1;
  45   2                      I2C_SCL = 0;
  46   2              }
  47   1      }
  48          
  49          /**
  50                  * @brief        I2C接收一个字节
  51                  * @param        无
  52                  * @retval       接收到的一个字节
  53          */
  54          unsigned char I2C_ReceiveByte()
C51 COMPILER V9.60.7.0   I2C                                                               05/23/2024 14:32:00 PAGE 2   

  55          {
  56   1              unsigned char Byte = 0x00, i;
  57   1              I2C_SDA = 1; // 主机在接收之前，需要释放SDA
  58   1              for(i = 0;i < 8;i++)
  59   1              {
  60   2                      I2C_SCL = 1;
  61   2                      if(I2C_SDA){Byte |= (0x80 >> i);}
  62   2                      I2C_SCL = 0;
  63   2              }
  64   1              return Byte;
  65   1      }
  66          
  67          /**
  68                  * @brief        I2C发送应答
  69                  * @param        AckBit应答位，0表示应答，1表示非应答
  70                  * @retval       无
  71          */
  72          void I2C_SendAck(unsigned char AckBit)
  73          {
  74   1              
  75   1              I2C_SDA = AckBit;
  76   1              I2C_SCL = 1;
  77   1              I2C_SCL = 0;
  78   1      }
  79          
  80          /**
  81                  * @brief        I2C接收应答位
  82                  * @param        无
  83                  * @retval       接收到的应答位，0表示应答，1表示非应答
  84          */
  85          unsigned char I2C_ReceiveAck()
  86          {
  87   1              unsigned char AckBit;
  88   1              I2C_SDA = 1; // 释放SDA
  89   1              I2C_SCL = 1;
  90   1              AckBit = I2C_SDA;
  91   1              I2C_SCL = 0;
  92   1              return AckBit;
  93   1      }
  94          
  95          


MODULE INFORMATION:   STATIC OVERLAYABLE
   CODE SIZE        =    109    ----
   CONSTANT SIZE    =   ----    ----
   XDATA SIZE       =   ----    ----
   PDATA SIZE       =   ----    ----
   DATA SIZE        =   ----    ----
   IDATA SIZE       =   ----    ----
   BIT SIZE         =   ----    ----
END OF MODULE INFORMATION.


C51 COMPILATION COMPLETE.  0 WARNING(S),  0 ERROR(S)
