C51 COMPILER V9.60.7.0   MAIN                                                              04/29/2024 22:20:27 PAGE 1   


C51 COMPILER V9.60.7.0, COMPILATION OF MODULE MAIN
OBJECT MODULE PLACED IN .\Objects\main.obj
COMPILER INVOKED BY: C:\Keil_v5\C51\BIN\C51.EXE main.c OPTIMIZE(8,SPEED) BROWSE DEBUG OBJECTEXTEND PRINT(.\Listings\main
                    -.lst) OBJECT(.\Objects\main.obj)

line level    source

   1          #include <REGX52.H>
   2          #include "Delay.h"
   3          #include "MatrixLED.h"
   4          
   5          sbit RCK = P3^5;        // RCLK
   6          sbit SCK = P3^6;        // SRCLK
   7          sbit SER = P3^4;        // SER
   8          
   9          #define MATRIX_LED_PORT         P0
  10          
  11          
  12          
  13          void main()
  14          {
  15   1              SER = 0;
  16   1              RCK = 0;
  17   1              
  18   1              while(1)
  19   1              {
  20   2                      MatrixLED_ShowColumn(0, 0x3C);
  21   2                      MatrixLED_ShowColumn(1, 0x42);
  22   2                      MatrixLED_ShowColumn(2, 0xA9);
  23   2                      MatrixLED_ShowColumn(3, 0x85);
  24   2                      MatrixLED_ShowColumn(4, 0x85);
  25   2                      MatrixLED_ShowColumn(5, 0xA9);
  26   2                      MatrixLED_ShowColumn(6, 0x42);
  27   2                      MatrixLED_ShowColumn(7, 0x3C);
  28   2              }
  29   1      }   


MODULE INFORMATION:   STATIC OVERLAYABLE
   CODE SIZE        =     78    ----
   CONSTANT SIZE    =   ----    ----
   XDATA SIZE       =   ----    ----
   PDATA SIZE       =   ----    ----
   DATA SIZE        =   ----    ----
   IDATA SIZE       =   ----    ----
   BIT SIZE         =   ----    ----
END OF MODULE INFORMATION.


C51 COMPILATION COMPLETE.  0 WARNING(S),  0 ERROR(S)
