C51 COMPILER V9.60.7.0   MATRIXLED                                                         04/29/2024 22:20:27 PAGE 1   


C51 COMPILER V9.60.7.0, COMPILATION OF MODULE MATRIXLED
OBJECT MODULE PLACED IN .\Objects\MatrixLED.obj
COMPILER INVOKED BY: C:\Keil_v5\C51\BIN\C51.EXE MatrixLED.c OPTIMIZE(8,SPEED) BROWSE DEBUG OBJECTEXTEND PRINT(.\Listings
                    -\MatrixLED.lst) OBJECT(.\Objects\MatrixLED.obj)

line level    source

   1          #include <REGX52.H>
   2          
   3          /**
   4                  * @brief        74HC595写入一个字节
   5                  * @param        Byte 要写入的字节
   6                  * @retval       无
   7          */ 
   8          void _74HC595_WriteByte(unsigned char Byte)
   9          {
  10   1              unsigned char i;
  11   1              for(i=0;i<8;i++)
  12   1              {
  13   2                      SER = Byte & (0x80 >> i);
*** ERROR C202 IN LINE 13 OF MatrixLED.c: 'SER': undefined identifier
  14   2                      SCK = 1;
*** ERROR C202 IN LINE 14 OF MatrixLED.c: 'SCK': undefined identifier
  15   2                      SCK=0;
*** ERROR C202 IN LINE 15 OF MatrixLED.c: 'SCK': undefined identifier
  16   2              }
  17   1              RCK = 1;
*** ERROR C202 IN LINE 17 OF MatrixLED.c: 'RCK': undefined identifier
  18   1              RCK = 0;
*** ERROR C202 IN LINE 18 OF MatrixLED.c: 'RCK': undefined identifier
  19   1      }
  20          
  21          /**
  22                  * @brief        LED点阵屏显示一列数据
  23                  * @param        Column要选择的列，范围：0~7，0在最左边
  24                  * @param        Data选择列显示的数据，高位在上，1为亮，0为灭
  25                  * @retval       无
  26          */
  27          void MatrixLED_ShowColumn(unsigned char Column, Data)
  28          {
  29   1              _74HC595_WriteByte(Data);                               //位选，数据通过74HC595寄存器，哪一位为1，则那一行的LED
             -亮
  30   1              MATRIX_LED_PORT = ~(0x80 >> Column);    //段选，P0哪一位为0，则LED那一列就亮
*** ERROR C202 IN LINE 30 OF MatrixLED.c: 'MATRIX_LED_PORT': undefined identifier
  31   1              
  32   1              Delay(1);                                                               // 消影
  33   1              MATRIX_LED_PORT = 0xFF;                                 // P0口数据清0,段选位选完后，将段选清0
  34   1      }

C51 COMPILATION COMPLETE.  0 WARNING(S),  6 ERROR(S)
