C51 COMPILER V9.60.7.0   MAIN                                                              05/03/2024 17:57:57 PAGE 1   


C51 COMPILER V9.60.7.0, COMPILATION OF MODULE MAIN
OBJECT MODULE PLACED IN .\Objects\main.obj
COMPILER INVOKED BY: C:\Keil_v5\C51\BIN\C51.EXE main.c OPTIMIZE(8,SPEED) BROWSE DEBUG OBJECTEXTEND PRINT(.\Listings\main
                    -.lst) OBJECT(.\Objects\main.obj)

line level    source

   1          #include <REGX52.H>
   2          #include "Delay.h"
   3          #include "MatrixLED.h"
   4          
   5          unsigned char code Animation[] = { // code的作用是将动画数据放入flash中存储
   6                  0xFF,0x08,0x08,0x08,0xFF,0x00,0x0E,0x15,
   7                  0x15,0x15,0x08,0x00,0xFF,0x00,0xFF,0x00,
   8                  0x0E,0x11,0x11,0x11,0x0E,0x00,0xFD,0x00,
   9                  0x00,0x00,0x00,0x00,0x00,0x00,0x00,0x00,
  10          };
  11          
  12          void main()
  13          {
  14   1              unsigned char i = 0, offset = 0, count = 0;
  15   1              MatrixLED_Init();
  16   1              
  17   1              while(1)
  18   1              {
  19   2                      for(i = 0;i < 8;i++)
  20   2                      {
  21   3                              MatrixLED_ShowColumn(i, Animation[i + offset]);
  22   3                              count++;
  23   3                              if(count > 50)
  24   3                              {
  25   4                                      offset++;
  26   4                                      count = 0;
  27   4                                      if(offset > 24)
  28   4                                      {
  29   5                                              offset = 0;
  30   5                                      }
  31   4                              }
  32   3                      }
  33   2              
  34   2              }
  35   1      }   


MODULE INFORMATION:   STATIC OVERLAYABLE
   CODE SIZE        =     64    ----
   CONSTANT SIZE    =     32    ----
   XDATA SIZE       =   ----    ----
   PDATA SIZE       =   ----    ----
   DATA SIZE        =   ----       3
   IDATA SIZE       =   ----    ----
   BIT SIZE         =   ----    ----
END OF MODULE INFORMATION.


C51 COMPILATION COMPLETE.  0 WARNING(S),  0 ERROR(S)
