C51 COMPILER V9.60.7.0   MAIN                                                              04/18/2024 15:15:20 PAGE 1   


C51 COMPILER V9.60.7.0, COMPILATION OF MODULE MAIN
OBJECT MODULE PLACED IN .\Objects\main.obj
COMPILER INVOKED BY: C:\Keil_v5\C51\BIN\C51.EXE main.c OPTIMIZE(8,SPEED) BROWSE DEBUG OBJECTEXTEND PRINT(.\Listings\main
                    -.lst) OBJECT(.\Objects\main.obj)

line level    source

   1          #include <REGX52.H>
   2          #include "NixieTube.h"
   3          
   4          void main()
   5          {
   6   1              while(1)
   7   1              {
   8   2                      NixieTube(1,1);
   9   2                      NixieTube(2,2);
  10   2                      NixieTube(3,3);
  11   2                      NixieTube(4,4);
  12   2                      NixieTube(5,5);
  13   2                      NixieTube(6,6);
  14   2                      NixieTube(7,7);
  15   2                      NixieTube(8,8);
  16   2      
  17   2              }
  18   1      
  19   1      }


MODULE INFORMATION:   STATIC OVERLAYABLE
   CODE SIZE        =     58    ----
   CONSTANT SIZE    =   ----    ----
   XDATA SIZE       =   ----    ----
   PDATA SIZE       =   ----    ----
   DATA SIZE        =   ----    ----
   IDATA SIZE       =   ----    ----
   BIT SIZE         =   ----    ----
END OF MODULE INFORMATION.


C51 COMPILATION COMPLETE.  0 WARNING(S),  0 ERROR(S)
