C51 COMPILER V9.60.7.0   MAIN                                                              04/17/2024 22:58:58 PAGE 1   


C51 COMPILER V9.60.7.0, COMPILATION OF MODULE MAIN
OBJECT MODULE PLACED IN .\Objects\main.obj
COMPILER INVOKED BY: C:\Keil_v5\C51\BIN\C51.EXE main.c OPTIMIZE(8,SPEED) BROWSE DEBUG OBJECTEXTEND PRINT(.\Listings\main
                    -.lst) OBJECT(.\Objects\main.obj)

line level    source

   1          #include <REGX52.H>
   2          
   3          unsigned char NixieTable[] = {0x3F, 0x06, 0x5B, 0x4F, 0x66, 0x6D, 0x7D, 0x07,0x7F, 0x6F};
   4          
   5          void Delay(unsigned char xms)           //@12.000MHz
   6          {
   7   1              unsigned char i, j;
   8   1              
   9   1              while(xms--)
  10   1              {
  11   2                      i = 2;
  12   2                      j = 239;
  13   2                      do
  14   2                      {
  15   3                              while (--j);
  16   3                      } while (--i);
  17   2              }
  18   1              
  19   1      }
  20          
  21          
  22          void NixieTube(unsigned char location, unsigned char num)
  23          {
  24   1              switch(location)
  25   1              {
  26   2                      case 1: P2_4 = 1; P2_3 = 1; P2_2 = 1; break;
  27   2                      case 2: P2_4 = 1; P2_3 = 1; P2_2 = 0; break;
  28   2                      case 3: P2_4 = 1; P2_3 = 0; P2_2 = 1; break;
  29   2                      case 4: P2_4 = 1; P2_3 = 0; P2_2 = 0; break;
  30   2                      case 5: P2_4 = 0; P2_3 = 1; P2_2 = 1; break;
  31   2                      case 6: P2_4 = 0; P2_3 = 1; P2_2 = 0; break;
  32   2                      case 7: P2_4 = 0; P2_3 = 0; P2_2 = 1; break;
  33   2                      case 8: P2_4 = 0; P2_3 = 0; P2_2 = 0; break;
  34   2              }
  35   1              P0 = NixieTable[num];
  36   1              Delay(1); // 为了稳定显示上一数字
  37   1              P0 = 0x00; // 消影
  38   1              
  39   1      }
  40          
  41          void main()
  42          {
  43   1      //      位选：P2口控制显示哪个LED，段选：P0口控制显示哪几个数码管
  44   1              
  45   1              while(1)
  46   1              {
  47   2                      NixieTube(1,1);
  48   2                      NixieTube(2,2);
  49   2                      NixieTube(3,3);
  50   2                      NixieTube(4,4);
  51   2                      NixieTube(5,5);
  52   2                      NixieTube(6,6);
  53   2                      NixieTube(7,7);
  54   2                      NixieTube(8,8);
C51 COMPILER V9.60.7.0   MAIN                                                              04/17/2024 22:58:58 PAGE 2   

  55   2                      
  56   2              }
  57   1      }
  58          


MODULE INFORMATION:   STATIC OVERLAYABLE
   CODE SIZE        =    182    ----
   CONSTANT SIZE    =   ----    ----
   XDATA SIZE       =   ----    ----
   PDATA SIZE       =   ----    ----
   DATA SIZE        =     10    ----
   IDATA SIZE       =   ----    ----
   BIT SIZE         =   ----    ----
END OF MODULE INFORMATION.


C51 COMPILATION COMPLETE.  0 WARNING(S),  0 ERROR(S)
