C51 COMPILER V9.60.7.0   MAIN                                                              04/20/2024 20:59:51 PAGE 1   


C51 COMPILER V9.60.7.0, COMPILATION OF MODULE MAIN
OBJECT MODULE PLACED IN .\Objects\main.obj
COMPILER INVOKED BY: C:\Keil_v5\C51\BIN\C51.EXE main.c OPTIMIZE(8,SPEED) BROWSE DEBUG OBJECTEXTEND PRINT(.\Listings\main
                    -.lst) OBJECT(.\Objects\main.obj)

line level    source

   1          #include <REGX52.H>
   2          #include "Delay.h"
   3          #include "LCD1602.h"
   4          
   5          unsigned char KeyNum;
   6          unsigned int C_Password, Count, B_Password = 2345;
   7          
   8          void main()
   9          {
  10   1              LCD_Init();
  11   1              LCD_ShowString(1,1,"Password:");
  12   1              
  13   1              while(1)
  14   1              {
  15   2                      KeyNum = MatrixKey(); 
*** WARNING C206 IN LINE 15 OF main.c: 'MatrixKey': missing function-prototype
  16   2                      if(KeyNum)
  17   2                      {
  18   3                              // 密码区
  19   3                              if(KeyNum <= 10 && Count < 4)
  20   3                              {
  21   4                                      C_Password *= 10;
  22   4                                      C_Password += KeyNum;
  23   4                                      Count++;
  24   4                                      LCD_ShowNum(2,1,C_Password,4);
  25   4                              }
  26   3                              
  27   3                              // 1、确认 2、输入四位密码后自动判断正误
  28   3                              if(KeyNum == 11 || Count == 4)
  29   3                              {
  30   4                                      if(C_Password == B_Password)
  31   4                                      {
  32   5                                              LCD_ShowString(1,14,"OK ");
  33   5                                              
  34   5                                      }
  35   4                                      else
  36   4                                      {
  37   5                                              LCD_ShowString(1,14,"ERR");
  38   5                                      }
  39   4                                      C_Password = 0; // 密码清空
  40   4                                      Count = 0;              // 次数清空
  41   4                                      LCD_ShowNum(2,1,C_Password,4); // 更新显示
  42   4                              }
  43   3                              
  44   3                              // 取消
  45   3                              if(KeyNum == 12)
  46   3                              {
  47   4                                      C_Password = 0;
  48   4                                      Count = 0;
  49   4                                      LCD_ShowNum(2,1,C_Password,4);
  50   4                              }
  51   3                              
  52   3                              // 删除
  53   3                              if(KeyNum == 13)
C51 COMPILER V9.60.7.0   MAIN                                                              04/20/2024 20:59:51 PAGE 2   

  54   3                              {
  55   4                                      C_Password /= 10;
  56   4                                      Count--;
  57   4                                      LCD_ShowNum(2,1,C_Password,4);
  58   4                              }
  59   3                              
  60   3                              // 修改密码
  61   3                              if(KeyNum == 14)
  62   3                              {
  63   4                                      C_Password = 0; // 密码清空
  64   4                                      Count = 0;              // 次数清空
  65   4                                      LCD_ShowNum(2,1,C_Password,4);
  66   4                                      LCD_ShowString(1,14,"UPD"); // 显示状态
  67   4                                      // 因为密码是4位，所以执行4次循环
  68   4                                      while(Count < 4)
  69   4                                      {
  70   5                                              KeyNum = MatrixKey(); 
  71   5                                              // 输入密码
  72   5                                              if(KeyNum != 0 && KeyNum <= 10 && Count < 4)
  73   5                                              {
  74   6                                                      C_Password *= 10;
  75   6                                                      C_Password += KeyNum;
  76   6                                                      Count++;
  77   6                                                      LCD_ShowNum(2,1,C_Password,4);
  78   6                                                      
  79   6                                              }
  80   5                                      }
  81   4                                      // 
  82   4                                      B_Password = C_Password;
  83   4                                      LCD_ShowString(1,14,"ok "); // 显示状态
  84   4                                      C_Password = 0; // 密码清空
  85   4                                      Count = 0;              // 次数清空
  86   4                                      LCD_ShowNum(2,1,C_Password,4);
  87   4                                      
  88   4                              }
  89   3                      
  90   3                      }
  91   2                      
  92   2              }
  93   1      }


MODULE INFORMATION:   STATIC OVERLAYABLE
   CODE SIZE        =    402    ----
   CONSTANT SIZE    =     26    ----
   XDATA SIZE       =   ----    ----
   PDATA SIZE       =   ----    ----
   DATA SIZE        =      7    ----
   IDATA SIZE       =   ----    ----
   BIT SIZE         =   ----    ----
END OF MODULE INFORMATION.


C51 COMPILATION COMPLETE.  1 WARNING(S),  0 ERROR(S)
