C51 COMPILER V9.60.7.0   MATRIXKEY                                                         04/20/2024 20:10:22 PAGE 1   


C51 COMPILER V9.60.7.0, COMPILATION OF MODULE MATRIXKEY
OBJECT MODULE PLACED IN .\Objects\MatrixKey.obj
COMPILER INVOKED BY: C:\Keil_v5\C51\BIN\C51.EXE MatrixKey.c OPTIMIZE(8,SPEED) BROWSE DEBUG OBJECTEXTEND PRINT(.\Listings
                    -\MatrixKey.lst) OBJECT(.\Objects\MatrixKey.obj)

line level    source

   1          #include <REGX52.H>
   2          #include "Delay.h"
   3          
   4          /**
   5                  * @brief 读取矩阵键盘按下键码值
   6                  * @param 无
   7                  * @retval 按下键码值
   8                  * 如果按下按键不松手，则程序会一直停留这此函数，松手后，返回按键键码值
   9          */
  10          
  11          unsigned char MatrixKey()
  12          {
  13   1              unsigned char MatrixNum = 0;
  14   1              
  15   1              // 选中第一列
  16   1              P1 = 0xFF;
  17   1              P1_3 = 0;
  18   1              if(P1_7 == 0) {Delay(20); while(P1_7 == 0); Delay(20); MatrixNum = 1;}
  19   1              if(P1_6 == 0) {Delay(20); while(P1_6 == 0); Delay(20); MatrixNum = 5;}
  20   1              if(P1_5 == 0) {Delay(20); while(P1_5 == 0); Delay(20); MatrixNum = 9;}
  21   1              if(P1_4 == 0) {Delay(20); while(P1_4 == 0); Delay(20); MatrixNum = 13;}
  22   1              
  23   1              // 选中第二列
  24   1              P1 = 0xFF;
  25   1              P1_2 = 0;
  26   1              if(P1_7 == 0) {Delay(20); while(P1_7 == 0); Delay(20); MatrixNum = 2;}
  27   1              if(P1_6 == 0) {Delay(20); while(P1_6 == 0); Delay(20); MatrixNum = 6;}
  28   1              if(P1_5 == 0) {Delay(20); while(P1_5 == 0); Delay(20); MatrixNum = 10;}
  29   1              if(P1_4 == 0) {Delay(20); while(P1_4 == 0); Delay(20); MatrixNum = 14;}
  30   1              
  31   1              // 选中第三列
  32   1              P1 = 0xFF;
  33   1              P1_1 = 0;
  34   1              if(P1_7 == 0) {Delay(20); while(P1_7 == 0); Delay(20); MatrixNum = 3;}
  35   1              if(P1_6 == 0) {Delay(20); while(P1_6 == 0); Delay(20); MatrixNum = 7;}
  36   1              if(P1_5 == 0) {Delay(20); while(P1_5 == 0); Delay(20); MatrixNum = 11;}
  37   1              if(P1_4 == 0) {Delay(20); while(P1_4 == 0); Delay(20); MatrixNum = 15;}
  38   1              
  39   1              // 选中第四列
  40   1              P1 = 0xFF;
  41   1              P1_0 = 0;
  42   1              if(P1_7 == 0) {Delay(20); while(P1_7 == 0); Delay(20); MatrixNum = 4;}
  43   1              if(P1_6 == 0) {Delay(20); while(P1_6 == 0); Delay(20); MatrixNum = 8;}
  44   1              if(P1_5 == 0) {Delay(20); while(P1_5 == 0); Delay(20); MatrixNum = 12;}
  45   1              if(P1_4 == 0) {Delay(20); while(P1_4 == 0); Delay(20); MatrixNum = 16;}
  46   1              
  47   1              return MatrixNum;
  48   1      }


MODULE INFORMATION:   STATIC OVERLAYABLE
   CODE SIZE        =    330    ----
   CONSTANT SIZE    =   ----    ----
   XDATA SIZE       =   ----    ----
C51 COMPILER V9.60.7.0   MATRIXKEY                                                         04/20/2024 20:10:22 PAGE 2   

   PDATA SIZE       =   ----    ----
   DATA SIZE        =   ----       1
   IDATA SIZE       =   ----    ----
   BIT SIZE         =   ----    ----
END OF MODULE INFORMATION.


C51 COMPILATION COMPLETE.  0 WARNING(S),  0 ERROR(S)
